[16:58:1.181] Global cache location '/home/duckonomy/.cache/typescript/3.8', safe file path '/usr/lib/node_modules/typescript/lib/typingSafeList.json', types map path /usr/lib/node_modules/typescript/lib/typesMap.json
[16:58:1.181] Processing cache location '/home/duckonomy/.cache/typescript/3.8'
[16:58:1.182] Trying to find '/home/duckonomy/.cache/typescript/3.8/package.json'...
[16:58:1.183] Loaded content of '/home/duckonomy/.cache/typescript/3.8/package.json': {"private":true,"dependencies":{"types-registry":"^0.1.486"},"devDependencies":{"@types/node":"^13.13.1"}}
[16:58:1.183] Loaded content of '/home/duckonomy/.cache/typescript/3.8/package-lock.json'
[16:58:1.212] Adding entry into typings cache: 'node' => '/home/duckonomy/.cache/typescript/3.8/node_modules/@types/node/ts3.2/index.d.ts'
[16:58:1.212] Finished processing cache location '/home/duckonomy/.cache/typescript/3.8'
[16:58:1.213] Process id: 88687
[16:58:1.213] NPM location: /usr/bin/npm (explicit '--npmLocation' not  provided)
[16:58:1.213] validateDefaultNpmLocation: false
[16:58:1.213] Npm config file: /home/duckonomy/.cache/typescript/3.8/package.json
[16:58:1.213] Updating types-registry npm package...
[16:58:1.213] Exec: /usr/bin/npm install --ignore-scripts types-registry@latest
[16:58:2.765]     Succeeded. stdout:
    + types-registry@0.1.486
    updated 1 package and audited 2 packages in 0.951s
found 0 vulnerabilities


[16:58:2.765] Updated types-registry npm package
[16:58:2.785] Got install request {"projectName":"/dev/null/inferredProject1*","fileNames":["/usr/lib/node_modules/typescript/lib/lib.d.ts","/usr/lib/node_modules/typescript/lib/lib.es5.d.ts","/usr/lib/node_modules/typescript/lib/lib.dom.d.ts","/usr/lib/node_modules/typescript/lib/lib.webworker.importscripts.d.ts","/usr/lib/node_modules/typescript/lib/lib.scripthost.d.ts","/home/duckonomy/Development/Lotide/node/frontend/main.js"],"compilerOptions":{"target":1,"jsx":1,"allowNonTsExtensions":true,"allowJs":true,"noEmitForJsFiles":true,"maxNodeModuleJsDepth":2},"typeAcquisition":{"enable":true,"include":[],"exclude":[]},"unresolvedImports":[],"projectRootPath":"/home/duckonomy/Development/Lotide/node/frontend","kind":"discover"}
[16:58:2.805] Loaded safelist from types map file '/usr/lib/node_modules/typescript/lib/typesMap.json'
[16:58:2.806] Explicitly included types: []
[16:58:2.807] Inferred typings from unresolved imports: []
[16:58:2.807] Result: {"cachedTypingPaths":[],"newTypingNames":[],"filesToWatch":["/home/duckonomy/Development/Lotide/node/frontend/bower_components","/home/duckonomy/Development/Lotide/node/frontend/node_modules"]}
[16:58:2.807] Finished typings discovery: {"cachedTypingPaths":[],"newTypingNames":[],"filesToWatch":["/home/duckonomy/Development/Lotide/node/frontend/bower_components","/home/duckonomy/Development/Lotide/node/frontend/node_modules"]}
[16:58:2.807] DirectoryWatcher:: Added:: WatchInfo: /home/duckonomy/Development/Lotide/node/frontend/bower_components
[16:58:2.808] DirectoryWatcher:: Added:: WatchInfo: /home/duckonomy/Development/Lotide/node/frontend/node_modules
[16:58:2.809] Sending response:
    {"projectName":"/dev/null/inferredProject1*","typeAcquisition":{"enable":true,"include":[],"exclude":[]},"compilerOptions":{"target":1,"jsx":1,"allowNonTsExtensions":true,"allowJs":true,"noEmitForJsFiles":true,"maxNodeModuleJsDepth":2},"typings":[],"unresolvedImports":[],"kind":"action::set"}
[16:58:2.809] Response has been sent.
[16:58:2.809] No new typings were requested as a result of typings discovery
[16:59:18.824] Got install request {"projectName":"/dev/null/inferredProject1*","fileNames":["/usr/lib/node_modules/typescript/lib/lib.d.ts","/usr/lib/node_modules/typescript/lib/lib.es5.d.ts","/usr/lib/node_modules/typescript/lib/lib.dom.d.ts","/usr/lib/node_modules/typescript/lib/lib.webworker.importscripts.d.ts","/usr/lib/node_modules/typescript/lib/lib.scripthost.d.ts","/home/duckonomy/Development/Lotide/node/frontend/main.js"],"compilerOptions":{"target":1,"jsx":1,"allowNonTsExtensions":true,"allowJs":true,"noEmitForJsFiles":true,"maxNodeModuleJsDepth":2},"typeAcquisition":{"enable":true,"include":[],"exclude":[]},"projectRootPath":"/home/duckonomy/Development/Lotide/node/frontend","kind":"discover"}
[16:59:18.825] Explicitly included types: []
[16:59:18.825] Result: {"cachedTypingPaths":[],"newTypingNames":[],"filesToWatch":["/home/duckonomy/Development/Lotide/node/frontend/bower_components","/home/duckonomy/Development/Lotide/node/frontend/node_modules"]}
[16:59:18.825] Finished typings discovery: {"cachedTypingPaths":[],"newTypingNames":[],"filesToWatch":["/home/duckonomy/Development/Lotide/node/frontend/bower_components","/home/duckonomy/Development/Lotide/node/frontend/node_modules"]}
[16:59:18.826] Sending response:
    {"projectName":"/dev/null/inferredProject1*","typeAcquisition":{"enable":true,"include":[],"exclude":[]},"compilerOptions":{"target":1,"jsx":1,"allowNonTsExtensions":true,"allowJs":true,"noEmitForJsFiles":true,"maxNodeModuleJsDepth":2},"typings":[],"kind":"action::set"}
[16:59:18.826] Response has been sent.
[16:59:18.826] No new typings were requested as a result of typings discovery
